# JRE version: OpenJDK Runtime Environment Temurin-21.0.8+9 (21.0.8+9) (build 21.0.8+9-LTS)
# Java VM: OpenJDK 64-Bit Server VM Temurin-21.0.8+9 (21.0.8+9-LTS, mixed mode, sharing, tiered, compressed oops, compressed class ptrs, parallel gc, windows-amd64)
GC Precious Log:
 CardTable entry size: 512
 CPUs: 12 total, 12 available
 Memory: 7541M
 Large Page Support: Disabled
 NUMA Support: Disabled
 Compressed Oops: Enabled (32-bit)
 Alignments: Space 512K, Generation 512K, Heap 2M
 Heap Min Capacity: 100M
 Heap Initial Capacity: 100M
 Heap Max Capacity: 2G
 Pre-touch: Disabled
 Parallel Workers: 10
Heap:
 PSYoungGen      total 12800K, used 10269K [0x00000000d5580000, 0x00000000d6a80000, 0x0000000100000000)
  eden space 11264K, 81% used [0x00000000d5580000,0x00000000d5e79880,0x00000000d6080000)
  from space 1536K, 70% used [0x00000000d6900000,0x00000000d6a0df38,0x00000000d6a80000)
  to   space 1536K, 0% used [0x00000000d6780000,0x00000000d6780000,0x00000000d6900000)
 ParOldGen       total 544768K, used 544671K [0x0000000080000000, 0x00000000a1400000, 0x00000000d5580000)
  object space 544768K, 99% used [0x0000000080000000,0x00000000a13e7c30,0x00000000a1400000)
 Metaspace       used 70706K, committed 72064K, reserved 1114112K
  class space    used 7404K, committed 8000K, reserved 1048576K
GC Heap History (20 events):
Event: 5499.599 GC heap before
{Heap before GC invocations=336 (full 3):
 PSYoungGen      total 14336K, used 14302K [0x00000000d5580000, 0x00000000d6980000, 0x0000000100000000)
  eden space 12288K, 100% used [0x00000000d5580000,0x00000000d6180000,0x00000000d6180000)
  from space 2048K, 98% used [0x00000000d6780000,0x00000000d6977a88,0x00000000d6980000)
  to   space 2560K, 0% used [0x00000000d6480000,0x00000000d6480000,0x00000000d6700000)
 ParOldGen       total 529408K, used 528898K [0x0000000080000000, 0x00000000a0500000, 0x00000000d5580000)
  object space 529408K, 99% used [0x0000000080000000,0x00000000a0480880,0x00000000a0500000)
 Metaspace       used 69551K, committed 70848K, reserved 1114112K
  class space    used 7377K, committed 7936K, reserved 1048576K
}
Event: 5499.609 GC heap after
{Heap after GC invocations=336 (full 3):
 PSYoungGen      total 13312K, used 930K [0x00000000d5580000, 0x00000000d6800000, 0x0000000100000000)
  eden space 12288K, 0% used [0x00000000d5580000,0x00000000d5580000,0x00000000d6180000)
  from space 1024K, 90% used [0x00000000d6480000,0x00000000d6568a20,0x00000000d6580000)
  to   space 1536K, 0% used [0x00000000d6680000,0x00000000d6680000,0x00000000d6800000)
 ParOldGen       total 529920K, used 529478K [0x0000000080000000, 0x00000000a0580000, 0x00000000d5580000)
  object space 529920K, 99% used [0x0000000080000000,0x00000000a05118a0,0x00000000a0580000)
 Metaspace       used 69551K, committed 70848K, reserved 1114112K
  class space    used 7377K, committed 7936K, reserved 1048576K
}
Event: 5500.114 GC heap before
{Heap before GC invocations=337 (full 3):
 PSYoungGen      total 13312K, used 13218K [0x00000000d5580000, 0x00000000d6800000, 0x0000000100000000)
  eden space 12288K, 100% used [0x00000000d5580000,0x00000000d6180000,0x00000000d6180000)
  from space 1024K, 90% used [0x00000000d6480000,0x00000000d6568a20,0x00000000d6580000)
  to   space 1536K, 0% used [0x00000000d6680000,0x00000000d6680000,0x00000000d6800000)
 ParOldGen       total 529920K, used 529478K [0x0000000080000000, 0x00000000a0580000, 0x00000000d5580000)
  object space 529920K, 99% used [0x0000000080000000,0x00000000a05118a0,0x00000000a0580000)
 Metaspace       used 69798K, committed 71168K, reserved 1114112K
  class space    used 7382K, committed 8000K, reserved 1048576K
}
Event: 5500.133 GC heap after
{Heap after GC invocations=337 (full 3):
 PSYoungGen      total 13824K, used 1509K [0x00000000d5580000, 0x00000000d6980000, 0x0000000100000000)
  eden space 12288K, 0% used [0x00000000d5580000,0x00000000d5580000,0x00000000d6180000)
  from space 1536K, 98% used [0x00000000d6680000,0x00000000d67f96b0,0x00000000d6800000)
  to   space 4096K, 0% used [0x00000000d6180000,0x00000000d6180000,0x00000000d6580000)
 ParOldGen       total 531456K, used 531227K [0x0000000080000000, 0x00000000a0700000, 0x00000000d5580000)
  object space 531456K, 99% used [0x0000000080000000,0x00000000a06c6de0,0x00000000a0700000)
 Metaspace       used 69798K, committed 71168K, reserved 1114112K
  class space    used 7382K, committed 8000K, reserved 1048576K
}
Event: 5500.686 GC heap before
{Heap before GC invocations=338 (full 3):
 PSYoungGen      total 13824K, used 13797K [0x00000000d5580000, 0x00000000d6980000, 0x0000000100000000)
  eden space 12288K, 100% used [0x00000000d5580000,0x00000000d6180000,0x00000000d6180000)
  from space 1536K, 98% used [0x00000000d6680000,0x00000000d67f96b0,0x00000000d6800000)
  to   space 4096K, 0% used [0x00000000d6180000,0x00000000d6180000,0x00000000d6580000)
 ParOldGen       total 531456K, used 531227K [0x0000000080000000, 0x00000000a0700000, 0x00000000d5580000)
  object space 531456K, 99% used [0x0000000080000000,0x00000000a06c6de0,0x00000000a0700000)
 Metaspace       used 69909K, committed 71296K, reserved 1114112K
  class space    used 7385K, committed 8000K, reserved 1048576K
}
Event: 5500.693 GC heap after
{Heap after GC invocations=338 (full 3):
 PSYoungGen      total 14336K, used 1676K [0x00000000d5580000, 0x00000000d6700000, 0x0000000100000000)
  eden space 12288K, 0% used [0x00000000d5580000,0x00000000d5580000,0x00000000d6180000)
  from space 2048K, 81% used [0x00000000d6180000,0x00000000d63231a0,0x00000000d6380000)
  to   space 2560K, 0% used [0x00000000d6480000,0x00000000d6480000,0x00000000d6700000)
 ParOldGen       total 532992K, used 532648K [0x0000000080000000, 0x00000000a0880000, 0x00000000d5580000)
  object space 532992K, 99% used [0x0000000080000000,0x00000000a082a090,0x00000000a0880000)
 Metaspace       used 69909K, committed 71296K, reserved 1114112K
  class space    used 7385K, committed 8000K, reserved 1048576K
}
Event: 5501.203 GC heap before
{Heap before GC invocations=339 (full 3):
 PSYoungGen      total 14336K, used 13964K [0x00000000d5580000, 0x00000000d6700000, 0x0000000100000000)
  eden space 12288K, 100% used [0x00000000d5580000,0x00000000d6180000,0x00000000d6180000)
  from space 2048K, 81% used [0x00000000d6180000,0x00000000d63231a0,0x00000000d6380000)
  to   space 2560K, 0% used [0x00000000d6480000,0x00000000d6480000,0x00000000d6700000)
 ParOldGen       total 532992K, used 532648K [0x0000000080000000, 0x00000000a0880000, 0x00000000d5580000)
  object space 532992K, 99% used [0x0000000080000000,0x00000000a082a090,0x00000000a0880000)
 Metaspace       used 70038K, committed 71424K, reserved 1114112K
  class space    used 7386K, committed 8000K, reserved 1048576K
}
Event: 5501.210 GC heap after
{Heap after GC invocations=339 (full 3):
 PSYoungGen      total 13312K, used 966K [0x00000000d5580000, 0x00000000d6580000, 0x0000000100000000)
  eden space 12288K, 0% used [0x00000000d5580000,0x00000000d5580000,0x00000000d6180000)
  from space 1024K, 94% used [0x00000000d6480000,0x00000000d65718d0,0x00000000d6580000)
  to   space 1536K, 0% used [0x00000000d6280000,0x00000000d6280000,0x00000000d6400000)
 ParOldGen       total 534016K, used 533891K [0x0000000080000000, 0x00000000a0980000, 0x00000000d5580000)
  object space 534016K, 99% used [0x0000000080000000,0x00000000a0960d88,0x00000000a0980000)
 Metaspace       used 70038K, committed 71424K, reserved 1114112K
  class space    used 7386K, committed 8000K, reserved 1048576K
}
Event: 5692.604 GC heap before
{Heap before GC invocations=340 (full 3):
 PSYoungGen      total 13312K, used 13254K [0x00000000d5580000, 0x00000000d6580000, 0x0000000100000000)
  eden space 12288K, 100% used [0x00000000d5580000,0x00000000d6180000,0x00000000d6180000)
  from space 1024K, 94% used [0x00000000d6480000,0x00000000d65718d0,0x00000000d6580000)
  to   space 1536K, 0% used [0x00000000d6280000,0x00000000d6280000,0x00000000d6400000)
 ParOldGen       total 534016K, used 533891K [0x0000000080000000, 0x00000000a0980000, 0x00000000d5580000)
  object space 534016K, 99% used [0x0000000080000000,0x00000000a0960d88,0x00000000a0980000)
 Metaspace       used 70285K, committed 71616K, reserved 1114112K
  class space    used 7388K, committed 8000K, reserved 1048576K
}
Event: 5692.866 GC heap after
{Heap after GC invocations=340 (full 3):
 PSYoungGen      total 13312K, used 1024K [0x00000000d5580000, 0x00000000d6500000, 0x0000000100000000)
  eden space 12288K, 0% used [0x00000000d5580000,0x00000000d5580000,0x00000000d6180000)
  from space 1024K, 100% used [0x00000000d6280000,0x00000000d6380000,0x00000000d6380000)
  to   space 1536K, 0% used [0x00000000d6380000,0x00000000d6380000,0x00000000d6500000)
 ParOldGen       total 535040K, used 534587K [0x0000000080000000, 0x00000000a0a80000, 0x00000000d5580000)
  object space 535040K, 99% used [0x0000000080000000,0x00000000a0a0ef98,0x00000000a0a80000)
 Metaspace       used 70285K, committed 71616K, reserved 1114112K
  class space    used 7388K, committed 8000K, reserved 1048576K
}
Event: 5693.270 GC heap before
{Heap before GC invocations=341 (full 3):
 PSYoungGen      total 13312K, used 13312K [0x00000000d5580000, 0x00000000d6500000, 0x0000000100000000)
  eden space 12288K, 100% used [0x00000000d5580000,0x00000000d6180000,0x00000000d6180000)
  from space 1024K, 100% used [0x00000000d6280000,0x00000000d6380000,0x00000000d6380000)
  to   space 1536K, 0% used [0x00000000d6380000,0x00000000d6380000,0x00000000d6500000)
 ParOldGen       total 535040K, used 534587K [0x0000000080000000, 0x00000000a0a80000, 0x00000000d5580000)
  object space 535040K, 99% used [0x0000000080000000,0x00000000a0a0ef98,0x00000000a0a80000)
 Metaspace       used 70369K, committed 71744K, reserved 1114112K
  class space    used 7388K, committed 8000K, reserved 1048576K
}
Event: 5693.282 GC heap after
{Heap after GC invocations=341 (full 3):
 PSYoungGen      total 12800K, used 1531K [0x00000000d5580000, 0x00000000d6780000, 0x0000000100000000)
  eden space 11264K, 0% used [0x00000000d5580000,0x00000000d5580000,0x00000000d6080000)
  from space 1536K, 99% used [0x00000000d6380000,0x00000000d64feeb8,0x00000000d6500000)
  to   space 3072K, 0% used [0x00000000d6080000,0x00000000d6080000,0x00000000d6380000)
 ParOldGen       total 536064K, used 535756K [0x0000000080000000, 0x00000000a0b80000, 0x00000000d5580000)
  object space 536064K, 99% used [0x0000000080000000,0x00000000a0b333e0,0x00000000a0b80000)
 Metaspace       used 70369K, committed 71744K, reserved 1114112K
  class space    used 7388K, committed 8000K, reserved 1048576K
}
Event: 5693.592 GC heap before
{Heap before GC invocations=342 (full 3):
 PSYoungGen      total 12800K, used 12759K [0x00000000d5580000, 0x00000000d6780000, 0x0000000100000000)
  eden space 11264K, 99% used [0x00000000d5580000,0x00000000d6077068,0x00000000d6080000)
  from space 1536K, 99% used [0x00000000d6380000,0x00000000d64feeb8,0x00000000d6500000)
  to   space 3072K, 0% used [0x00000000d6080000,0x00000000d6080000,0x00000000d6380000)
 ParOldGen       total 536064K, used 535756K [0x0000000080000000, 0x00000000a0b80000, 0x00000000d5580000)
  object space 536064K, 99% used [0x0000000080000000,0x00000000a0b333e0,0x00000000a0b80000)
 Metaspace       used 70408K, committed 71744K, reserved 1114112K
  class space    used 7395K, committed 8000K, reserved 1048576K
}
Event: 5693.608 GC heap after
{Heap after GC invocations=342 (full 3):
 PSYoungGen      total 14336K, used 3040K [0x00000000d5580000, 0x00000000d7480000, 0x0000000100000000)
  eden space 11264K, 0% used [0x00000000d5580000,0x00000000d5580000,0x00000000d6080000)
  from space 3072K, 98% used [0x00000000d6080000,0x00000000d6378198,0x00000000d6380000)
  to   space 10240K, 0% used [0x00000000d6a80000,0x00000000d6a80000,0x00000000d7480000)
 ParOldGen       total 541696K, used 541465K [0x0000000080000000, 0x00000000a1100000, 0x00000000d5580000)
  object space 541696K, 99% used [0x0000000080000000,0x00000000a10c6618,0x00000000a1100000)
 Metaspace       used 70408K, committed 71744K, reserved 1114112K
  class space    used 7395K, committed 8000K, reserved 1048576K
}
Event: 5693.722 GC heap before
{Heap before GC invocations=343 (full 3):
 PSYoungGen      total 14336K, used 14304K [0x00000000d5580000, 0x00000000d7480000, 0x0000000100000000)
  eden space 11264K, 100% used [0x00000000d5580000,0x00000000d6080000,0x00000000d6080000)
  from space 3072K, 98% used [0x00000000d6080000,0x00000000d6378198,0x00000000d6380000)
  to   space 10240K, 0% used [0x00000000d6a80000,0x00000000d6a80000,0x00000000d7480000)
 ParOldGen       total 541696K, used 541466K [0x0000000080000000, 0x00000000a1100000, 0x00000000d5580000)
  object space 541696K, 99% used [0x0000000080000000,0x00000000a10c6820,0x00000000a1100000)
 Metaspace       used 70448K, committed 71808K, reserved 1114112K
  class space    used 7397K, committed 8000K, reserved 1048576K
}
Event: 5693.729 GC heap after
{Heap after GC invocations=343 (full 3):
 PSYoungGen      total 13312K, used 1911K [0x00000000d5580000, 0x00000000d6c80000, 0x0000000100000000)
  eden space 11264K, 0% used [0x00000000d5580000,0x00000000d5580000,0x00000000d6080000)
  from space 2048K, 93% used [0x00000000d6a80000,0x00000000d6c5df58,0x00000000d6c80000)
  to   space 4608K, 0% used [0x00000000d6380000,0x00000000d6380000,0x00000000d6800000)
 ParOldGen       total 542208K, used 542034K [0x0000000080000000, 0x00000000a1180000, 0x00000000d5580000)
  object space 542208K, 99% used [0x0000000080000000,0x00000000a1154bf8,0x00000000a1180000)
 Metaspace       used 70448K, committed 71808K, reserved 1114112K
  class space    used 7397K, committed 8000K, reserved 1048576K
}
Event: 5694.204 GC heap before
{Heap before GC invocations=344 (full 3):
 PSYoungGen      total 13312K, used 13175K [0x00000000d5580000, 0x00000000d6c80000, 0x0000000100000000)
  eden space 11264K, 99% used [0x00000000d5580000,0x00000000d607ffe8,0x00000000d6080000)
  from space 2048K, 93% used [0x00000000d6a80000,0x00000000d6c5df58,0x00000000d6c80000)
  to   space 4608K, 0% used [0x00000000d6380000,0x00000000d6380000,0x00000000d6800000)
 ParOldGen       total 542208K, used 542036K [0x0000000080000000, 0x00000000a1180000, 0x00000000d5580000)
  object space 542208K, 99% used [0x0000000080000000,0x00000000a1155278,0x00000000a1180000)
 Metaspace       used 70525K, committed 71872K, reserved 1114112K
  class space    used 7398K, committed 8000K, reserved 1048576K
}
Event: 5694.213 GC heap after
{Heap after GC invocations=344 (full 3):
 PSYoungGen      total 15872K, used 1131K [0x00000000d5580000, 0x00000000d6b00000, 0x0000000100000000)
  eden space 11264K, 0% used [0x00000000d5580000,0x00000000d5580000,0x00000000d6080000)
  from space 4608K, 24% used [0x00000000d6380000,0x00000000d649afe0,0x00000000d6800000)
  to   space 2048K, 0% used [0x00000000d6900000,0x00000000d6900000,0x00000000d6b00000)
 ParOldGen       total 543744K, used 543718K [0x0000000080000000, 0x00000000a1300000, 0x00000000d5580000)
  object space 543744K, 99% used [0x0000000080000000,0x00000000a12f9b20,0x00000000a1300000)
 Metaspace       used 70525K, committed 71872K, reserved 1114112K
  class space    used 7398K, committed 8000K, reserved 1048576K
}
Event: 5694.669 GC heap before
{Heap before GC invocations=345 (full 3):
 PSYoungGen      total 15872K, used 12395K [0x00000000d5580000, 0x00000000d6b00000, 0x0000000100000000)
  eden space 11264K, 99% used [0x00000000d5580000,0x00000000d607fff0,0x00000000d6080000)
  from space 4608K, 24% used [0x00000000d6380000,0x00000000d649afe0,0x00000000d6800000)
  to   space 2048K, 0% used [0x00000000d6900000,0x00000000d6900000,0x00000000d6b00000)
 ParOldGen       total 543744K, used 543718K [0x0000000080000000, 0x00000000a1300000, 0x00000000d5580000)
  object space 543744K, 99% used [0x0000000080000000,0x00000000a12f9b20,0x00000000a1300000)
 Metaspace       used 70582K, committed 71936K, reserved 1114112K
  class space    used 7398K, committed 8000K, reserved 1048576K
}
Event: 5694.679 GC heap after
{Heap after GC invocations=345 (full 3):
 PSYoungGen      total 12800K, used 1079K [0x00000000d5580000, 0x00000000d6a80000, 0x0000000100000000)
  eden space 11264K, 0% used [0x00000000d5580000,0x00000000d5580000,0x00000000d6080000)
  from space 1536K, 70% used [0x00000000d6900000,0x00000000d6a0df38,0x00000000d6a80000)
  to   space 1536K, 0% used [0x00000000d6780000,0x00000000d6780000,0x00000000d6900000)
 ParOldGen       total 544768K, used 544671K [0x0000000080000000, 0x00000000a1400000, 0x00000000d5580000)
  object space 544768K, 99% used [0x0000000080000000,0x00000000a13e7c30,0x00000000a1400000)
 Metaspace       used 70582K, committed 71936K, reserved 1114112K
  class space    used 7398K, committed 8000K, reserved 1048576K
}

